TN:
SF:C:\Users\DSumitor\Desktop\Code\jest-test\hangman-jest\lib.js
FN:8,isWordSolved
FN:9,(anonymous_1)
FN:17,randomlySelectWord
FN:26,createBlankWordArray
FN:38,fillInGuessedLetters
FN:39,(anonymous_5)
FN:49,stringify
FN:59,wordIncludesLetter
FN:63,validateInput
FN:73,askForALetter
FN:81,print
FNF:11
FNH:8
FNDA:3,isWordSolved
FNDA:7,(anonymous_1)
FNDA:3,randomlySelectWord
FNDA:5,createBlankWordArray
FNDA:0,fillInGuessedLetters
FNDA:0,(anonymous_5)
FNDA:7,stringify
FNDA:0,wordIncludesLetter
FNDA:6,validateInput
FNDA:1,askForALetter
FNDA:2,print
DA:1,1
DA:9,7
DA:18,3
DA:27,5
DA:28,3
DA:39,0
DA:40,0
DA:50,7
DA:60,0
DA:64,6
DA:65,4
DA:66,2
DA:74,1
DA:82,2
DA:85,1
LF:15
LH:12
BRDA:26,0,0,1
BRDA:27,1,0,2
BRDA:27,1,1,3
BRDA:40,2,0,0
BRDA:40,2,1,0
BRDA:49,3,0,1
BRDA:64,4,0,4
BRDA:64,4,1,2
BRDA:64,5,0,6
BRDA:64,5,1,4
BRF:10
BRH:8
end_of_record
